Build started 13/8/2014 01:06:11 PM.
     1>Project "E:\write_papers\ImageSetCompression_SR\Sourcecode\HM-15.0-SIC\build\vc10\TAppDecoder_vc10.vcxproj" on node 5 (rebuild target(s)).
     1>PrepareForBuild:
         Creating directory "E:\write_papers\ImageSetCompression_SR\Sourcecode\HM-15.0-SIC\build\\..\bin\vc10\x64\Release\".
       InitializeBuildStatus:
         Creating "E:\write_papers\ImageSetCompression_SR\Sourcecode\HM-15.0-SIC\build\\vc10\x64\Release\TAppDecoder\TAppDecoder.unsuccessfulbuild" because "AlwaysCreate" was specified.
       ClCompile:
         C:\Program Files (x86)\Microsoft Visual Studio 10.0\VC\bin\x86_amd64\CL.exe /c /I"E:\write_papers\ImageSetCompression_SR\Sourcecode\HM-15.0-SIC\build\\..\source\Lib\\" /I"E:\write_papers\ImageSetCompression_SR\Sourcecode\HM-15.0-SIC\build\\..\compat\msvc" /Zi /nologo /W3 /WX- /O2 /Ob2 /Ot /GL /D WIN32 /D _CONSOLE /D _CRT_SECURE_NO_WARNINGS /D _MBCS /GF /Gm- /EHsc /MT /GS /Gy /fp:precise /Zc:wchar_t /Zc:forScope /Fo"E:\write_papers\ImageSetCompression_SR\Sourcecode\HM-15.0-SIC\build\\vc10\x64\Release\TAppDecoder\\" /Fd"E:\write_papers\ImageSetCompression_SR\Sourcecode\HM-15.0-SIC\build\\vc10\x64\Release\TAppDecoder\vc100.pdb" /Gd /TP /errorReport:prompt ..\..\source\App\TAppDecoder\decmain.cpp ..\..\source\App\TAppDecoder\TAppDecCfg.cpp ..\..\source\App\TAppDecoder\TAppDecTop.cpp
         decmain.cpp
         TAppDecCfg.cpp
         TAppDecTop.cpp
       Link:
         C:\Program Files (x86)\Microsoft Visual Studio 10.0\VC\bin\x86_amd64\link.exe /ERRORREPORT:PROMPT /OUT:"E:\write_papers\ImageSetCompression_SR\Sourcecode\HM-15.0-SIC\build\\..\bin\vc10\x64\Release\TAppDecoder.exe" /INCREMENTAL:NO /NOLOGO opencv_calib3d249.lib opencv_calib3d249d.lib opencv_contrib249.lib opencv_contrib249d.lib opencv_core249.lib opencv_core249d.lib opencv_features2d249.lib opencv_features2d249d.lib opencv_flann249.lib opencv_flann249d.lib opencv_gpu249.lib opencv_gpu249d.lib opencv_highgui249.lib opencv_highgui249d.lib opencv_imgproc249.lib opencv_imgproc249d.lib opencv_legacy249.lib opencv_legacy249d.lib opencv_ml249.lib opencv_ml249d.lib opencv_nonfree249.lib opencv_nonfree249d.lib opencv_objdetect249.lib opencv_objdetect249d.lib opencv_ocl249.lib opencv_ocl249d.lib opencv_photo249.lib opencv_photo249d.lib opencv_stitching249.lib opencv_stitching249d.lib opencv_superres249.lib opencv_superres249d.lib opencv_ts249.lib opencv_ts249d.lib opencv_video249.lib opencv_video249d.lib opencv_videostab249.lib opencv_videostab249d.lib kernel32.lib user32.lib gdi32.lib winspool.lib comdlg32.lib advapi32.lib shell32.lib ole32.lib oleaut32.lib uuid.lib odbc32.lib odbccp32.lib /MANIFEST /ManifestFile:"E:\write_papers\ImageSetCompression_SR\Sourcecode\HM-15.0-SIC\build\\vc10\x64\Release\TAppDecoder\TAppDecoder.exe.intermediate.manifest" /MANIFESTUAC:"level='asInvoker' uiAccess='false'" /DEBUG /PDB:"E:\write_papers\ImageSetCompression_SR\Sourcecode\HM-15.0-SIC\bin\vc10\x64\Release\TAppDecoder.pdb" /SUBSYSTEM:CONSOLE /LTCG /TLBID:1 /DYNAMICBASE /NXCOMPAT /IMPLIB:"E:\write_papers\ImageSetCompression_SR\Sourcecode\HM-15.0-SIC\build\\..\bin\vc10\x64\Release\TAppDecoder.lib" /MACHINE:X64 "E:\write_papers\ImageSetCompression_SR\Sourcecode\HM-15.0-SIC\build\\vc10\x64\Release\TAppDecoder\decmain.obj"
         "E:\write_papers\ImageSetCompression_SR\Sourcecode\HM-15.0-SIC\build\\vc10\x64\Release\TAppDecoder\TAppDecCfg.obj"
         "E:\write_papers\ImageSetCompression_SR\Sourcecode\HM-15.0-SIC\build\\vc10\x64\Release\TAppDecoder\TAppDecTop.obj"
         "E:\write_papers\ImageSetCompression_SR\Sourcecode\HM-15.0-SIC\build\vc10\x64\Release\TAppCommon\TAppCommon.lib"
         "E:\write_papers\ImageSetCompression_SR\Sourcecode\HM-15.0-SIC\build\vc10\x64\Release\TLibCommon\TLibCommon.lib"
         "E:\write_papers\ImageSetCompression_SR\Sourcecode\HM-15.0-SIC\build\vc10\x64\Release\TLibDecoder\TLibDecoder.lib"
         "E:\write_papers\ImageSetCompression_SR\Sourcecode\HM-15.0-SIC\build\vc10\x64\Release\TLibVideoIo\TLibVideoIO.lib"
         Generating code
         Finished generating code
         TAppDecoder_vc10.vcxproj -> E:\write_papers\ImageSetCompression_SR\Sourcecode\HM-15.0-SIC\build\\..\bin\vc10\x64\Release\TAppDecoder.exe
       Manifest:
         C:\Program Files (x86)\Microsoft SDKs\Windows\v7.0A\bin\mt.exe /nologo /verbose /outputresource:"E:\write_papers\ImageSetCompression_SR\Sourcecode\HM-15.0-SIC\build\\..\bin\vc10\x64\Release\TAppDecoder.exe;#1" /manifest "E:\write_papers\ImageSetCompression_SR\Sourcecode\HM-15.0-SIC\build\\vc10\x64\Release\TAppDecoder\TAppDecoder.exe.intermediate.manifest"
       FinalizeBuildStatus:
         Deleting file "E:\write_papers\ImageSetCompression_SR\Sourcecode\HM-15.0-SIC\build\\vc10\x64\Release\TAppDecoder\TAppDecoder.unsuccessfulbuild".
         Touching "E:\write_papers\ImageSetCompression_SR\Sourcecode\HM-15.0-SIC\build\\vc10\x64\Release\TAppDecoder\TAppDecoder.lastbuildstate".
     1>Done Building Project "E:\write_papers\ImageSetCompression_SR\Sourcecode\HM-15.0-SIC\build\vc10\TAppDecoder_vc10.vcxproj" (rebuild target(s)).

Build succeeded.

Time Elapsed 00:00:11.56
