Build started 15/8/2014 03:38:17 PM.
     1>Project "D:\Gitrepositories\HM15-SIC\build\vc10\TLibDecoder_vc10.vcxproj" on node 4 (rebuild target(s)).
     1>_PrepareForClean:
         Deleting file "D:\Gitrepositories\HM15-SIC\build\\vc10\x64\Debug\TLibDecoder\TLibDecoder.lastbuildstate".
       InitializeBuildStatus:
         Creating "D:\Gitrepositories\HM15-SIC\build\\vc10\x64\Debug\TLibDecoder\TLibDecoder.unsuccessfulbuild" because "AlwaysCreate" was specified.
       ClCompile:
         C:\Program Files (x86)\Microsoft Visual Studio 10.0\VC\bin\x86_amd64\CL.exe /c /I"D:\Gitrepositories\HM15-SIC\build\\..\source\Lib\\" /I"D:\Gitrepositories\HM15-SIC\build\\..\compat\msvc" /Zi /nologo /W3 /WX- /Od /D WIN32 /D _DEBUG /D _LIB /D _CRT_SECURE_NO_WARNINGS /D _MBCS /Gm /EHsc /RTC1 /MTd /GS /fp:precise /Zc:wchar_t /Zc:forScope /Fo"D:\Gitrepositories\HM15-SIC\build\\vc10\x64\Debug\TLibDecoder\\" /Fd"D:\Gitrepositories\HM15-SIC\build\\vc10\x64\Debug\TLibDecoder\vc100.pdb" /Gd /TP /errorReport:prompt ..\..\source\Lib\TLibDecoder\AnnexBread.cpp ..\..\source\Lib\TLibDecoder\NALread.cpp ..\..\source\Lib\TLibDecoder\SEIread.cpp ..\..\source\Lib\TLibDecoder\SyntaxElementParser.cpp ..\..\source\Lib\TLibDecoder\TDecBinCoderCABAC.cpp ..\..\source\Lib\TLibDecoder\TDecCAVLC.cpp ..\..\source\Lib\TLibDecoder\TDecCu.cpp ..\..\source\Lib\TLibDecoder\TDecEntropy.cpp ..\..\source\Lib\TLibDecoder\TDecGop.cpp ..\..\source\Lib\TLibDecoder\TDecSbac.cpp ..\..\source\Lib\TLibDecoder\TDecSlice.cpp ..\..\source\Lib\TLibDecoder\TDecTop.cpp
         TDecTop.cpp
         TDecSlice.cpp
         TDecSbac.cpp
         TDecGop.cpp
         TDecEntropy.cpp
         TDecCu.cpp
         TDecCAVLC.cpp
         TDecBinCoderCABAC.cpp
         SyntaxElementParser.cpp
         SEIread.cpp
         NALread.cpp
         AnnexBread.cpp
         Generating Code...
       Lib:
         C:\Program Files (x86)\Microsoft Visual Studio 10.0\VC\bin\x86_amd64\Lib.exe /OUT:"D:\Gitrepositories\HM15-SIC\build\\vc10\x64\Debug\TLibDecoder\TLibDecoder.lib" /NOLOGO "D:\Gitrepositories\HM15-SIC\build\\vc10\x64\Debug\TLibDecoder\AnnexBread.obj"
         "D:\Gitrepositories\HM15-SIC\build\\vc10\x64\Debug\TLibDecoder\NALread.obj"
         "D:\Gitrepositories\HM15-SIC\build\\vc10\x64\Debug\TLibDecoder\SEIread.obj"
         "D:\Gitrepositories\HM15-SIC\build\\vc10\x64\Debug\TLibDecoder\SyntaxElementParser.obj"
         "D:\Gitrepositories\HM15-SIC\build\\vc10\x64\Debug\TLibDecoder\TDecBinCoderCABAC.obj"
         "D:\Gitrepositories\HM15-SIC\build\\vc10\x64\Debug\TLibDecoder\TDecCAVLC.obj"
         "D:\Gitrepositories\HM15-SIC\build\\vc10\x64\Debug\TLibDecoder\TDecCu.obj"
         "D:\Gitrepositories\HM15-SIC\build\\vc10\x64\Debug\TLibDecoder\TDecEntropy.obj"
         "D:\Gitrepositories\HM15-SIC\build\\vc10\x64\Debug\TLibDecoder\TDecGop.obj"
         "D:\Gitrepositories\HM15-SIC\build\\vc10\x64\Debug\TLibDecoder\TDecSbac.obj"
         "D:\Gitrepositories\HM15-SIC\build\\vc10\x64\Debug\TLibDecoder\TDecSlice.obj"
         "D:\Gitrepositories\HM15-SIC\build\\vc10\x64\Debug\TLibDecoder\TDecTop.obj"
         TLibDecoder_vc10.vcxproj -> D:\Gitrepositories\HM15-SIC\build\\vc10\x64\Debug\TLibDecoder\TLibDecoder.lib
       FinalizeBuildStatus:
         Deleting file "D:\Gitrepositories\HM15-SIC\build\\vc10\x64\Debug\TLibDecoder\TLibDecoder.unsuccessfulbuild".
         Touching "D:\Gitrepositories\HM15-SIC\build\\vc10\x64\Debug\TLibDecoder\TLibDecoder.lastbuildstate".
     1>Done Building Project "D:\Gitrepositories\HM15-SIC\build\vc10\TLibDecoder_vc10.vcxproj" (rebuild target(s)).

Build succeeded.

Time Elapsed 00:00:05.85
