D:\Gitrepositories\HM15-SIC\build\\vc10\x64\Debug\TLibDecoder\TLibDecoder.lib
D:\GITREPOSITORIES\HM15-SIC\BUILD\VC10\X64\DEBUG\TLIBDECODER\ANNEXBREAD.OBJ
D:\Gitrepositories\HM15-SIC\build\vc10\x64\Debug\TLibDecoder\cl.command.1.tlog
D:\Gitrepositories\HM15-SIC\build\vc10\x64\Debug\TLibDecoder\CL.read.1.tlog
D:\Gitrepositories\HM15-SIC\build\vc10\x64\Debug\TLibDecoder\CL.write.1.tlog
D:\Gitrepositories\HM15-SIC\build\vc10\x64\Debug\TLibDecoder\lib.command.1.tlog
D:\Gitrepositories\HM15-SIC\build\vc10\x64\Debug\TLibDecoder\Lib-link.read.1.tlog
D:\Gitrepositories\HM15-SIC\build\vc10\x64\Debug\TLibDecoder\Lib-link.write.1.tlog
D:\GITREPOSITORIES\HM15-SIC\BUILD\VC10\X64\DEBUG\TLIBDECODER\NALREAD.OBJ
D:\GITREPOSITORIES\HM15-SIC\BUILD\VC10\X64\DEBUG\TLIBDECODER\SEIREAD.OBJ
D:\GITREPOSITORIES\HM15-SIC\BUILD\VC10\X64\DEBUG\TLIBDECODER\SYNTAXELEMENTPARSER.OBJ
D:\GITREPOSITORIES\HM15-SIC\BUILD\VC10\X64\DEBUG\TLIBDECODER\TDECBINCODERCABAC.OBJ
D:\GITREPOSITORIES\HM15-SIC\BUILD\VC10\X64\DEBUG\TLIBDECODER\TDECCAVLC.OBJ
D:\GITREPOSITORIES\HM15-SIC\BUILD\VC10\X64\DEBUG\TLIBDECODER\TDECCU.OBJ
D:\GITREPOSITORIES\HM15-SIC\BUILD\VC10\X64\DEBUG\TLIBDECODER\TDECENTROPY.OBJ
D:\GITREPOSITORIES\HM15-SIC\BUILD\VC10\X64\DEBUG\TLIBDECODER\TDECGOP.OBJ
D:\GITREPOSITORIES\HM15-SIC\BUILD\VC10\X64\DEBUG\TLIBDECODER\TDECSBAC.OBJ
D:\GITREPOSITORIES\HM15-SIC\BUILD\VC10\X64\DEBUG\TLIBDECODER\TDECSLICE.OBJ
D:\GITREPOSITORIES\HM15-SIC\BUILD\VC10\X64\DEBUG\TLIBDECODER\TDECTOP.OBJ
D:\GITREPOSITORIES\HM15-SIC\BUILD\VC10\X64\DEBUG\TLIBDECODER\TLIBDECODER.LIB
D:\Gitrepositories\HM15-SIC\build\vc10\x64\Debug\TLibDecoder\TLibDecoder.write.1.tlog
D:\Gitrepositories\HM15-SIC\build\vc10\x64\Debug\TLibDecoder\vc100.idb
D:\GITREPOSITORIES\HM15-SIC\BUILD\VC10\X64\DEBUG\TLIBDECODER\VC100.PDB
