Build started 13/8/2014 01:05:59 PM.
     1>Project "E:\write_papers\ImageSetCompression_SR\Sourcecode\HM-15.0-SIC\build\vc10\TLibEncoder_vc10.vcxproj" on node 2 (rebuild target(s)).
     1>InitializeBuildStatus:
         Creating "E:\write_papers\ImageSetCompression_SR\Sourcecode\HM-15.0-SIC\build\\vc10\x64\Release\TLibEncoder\TLibEncoder.unsuccessfulbuild" because "AlwaysCreate" was specified.
       ClCompile:
         C:\Program Files (x86)\Microsoft Visual Studio 10.0\VC\bin\x86_amd64\CL.exe /c /I"E:\write_papers\ImageSetCompression_SR\Sourcecode\HM-15.0-SIC\build\\..\source\Lib\\" /I"E:\write_papers\ImageSetCompression_SR\Sourcecode\HM-15.0-SIC\build\\..\compat\msvc" /Zi /nologo /W3 /WX- /O2 /Ob2 /Ot /GL /D WIN32 /D _LIB /D _CRT_SECURE_NO_WARNINGS /D _MBCS /GF /Gm- /EHsc /MT /GS /Gy /fp:precise /Zc:wchar_t /Zc:forScope /Fo"E:\write_papers\ImageSetCompression_SR\Sourcecode\HM-15.0-SIC\build\\vc10\x64\Release\TLibEncoder\\" /Fd"E:\write_papers\ImageSetCompression_SR\Sourcecode\HM-15.0-SIC\build\\vc10\x64\Release\TLibEncoder\vc100.pdb" /Gd /TP /errorReport:prompt ..\..\source\Lib\TLibEncoder\NALwrite.cpp ..\..\source\Lib\TLibEncoder\SEIwrite.cpp ..\..\source\Lib\TLibEncoder\SyntaxElementWriter.cpp ..\..\source\Lib\TLibEncoder\TEncAnalyze.cpp ..\..\source\Lib\TLibEncoder\TEncBinCoderCABAC.cpp ..\..\source\Lib\TLibEncoder\TEncBinCoderCABACCounter.cpp ..\..\source\Lib\TLibEncoder\TEncCavlc.cpp ..\..\source\Lib\TLibEncoder\TEncCu.cpp ..\..\source\Lib\TLibEncoder\TEncEntropy.cpp ..\..\source\Lib\TLibEncoder\TEncGOP.cpp ..\..\source\Lib\TLibEncoder\TEncPic.cpp ..\..\source\Lib\TLibEncoder\TEncPreanalyzer.cpp ..\..\source\Lib\TLibEncoder\TEncRateCtrl.cpp ..\..\source\Lib\TLibEncoder\TEncSampleAdaptiveOffset.cpp ..\..\source\Lib\TLibEncoder\TEncSbac.cpp ..\..\source\Lib\TLibEncoder\TEncSearch.cpp ..\..\source\Lib\TLibEncoder\TEncSlice.cpp ..\..\source\Lib\TLibEncoder\TEncTop.cpp ..\..\source\Lib\TLibEncoder\WeightPredAnalysis.cpp
         NALwrite.cpp
         SEIwrite.cpp
         SyntaxElementWriter.cpp
         TEncAnalyze.cpp
         TEncBinCoderCABAC.cpp
         TEncBinCoderCABACCounter.cpp
         TEncCavlc.cpp
         TEncCu.cpp
         TEncEntropy.cpp
         TEncGOP.cpp
         TEncPic.cpp
         TEncPreanalyzer.cpp
         TEncRateCtrl.cpp
         TEncSampleAdaptiveOffset.cpp
         TEncSbac.cpp
         TEncSearch.cpp
         TEncSlice.cpp
         TEncTop.cpp
         WeightPredAnalysis.cpp
       Lib:
         C:\Program Files (x86)\Microsoft Visual Studio 10.0\VC\bin\x86_amd64\Lib.exe /OUT:"E:\write_papers\ImageSetCompression_SR\Sourcecode\HM-15.0-SIC\build\\vc10\x64\Release\TLibEncoder\TLibEncoder.lib" /NOLOGO /LTCG "E:\write_papers\ImageSetCompression_SR\Sourcecode\HM-15.0-SIC\build\\vc10\x64\Release\TLibEncoder\NALwrite.obj"
         "E:\write_papers\ImageSetCompression_SR\Sourcecode\HM-15.0-SIC\build\\vc10\x64\Release\TLibEncoder\SEIwrite.obj"
         "E:\write_papers\ImageSetCompression_SR\Sourcecode\HM-15.0-SIC\build\\vc10\x64\Release\TLibEncoder\SyntaxElementWriter.obj"
         "E:\write_papers\ImageSetCompression_SR\Sourcecode\HM-15.0-SIC\build\\vc10\x64\Release\TLibEncoder\TEncAnalyze.obj"
         "E:\write_papers\ImageSetCompression_SR\Sourcecode\HM-15.0-SIC\build\\vc10\x64\Release\TLibEncoder\TEncBinCoderCABAC.obj"
         "E:\write_papers\ImageSetCompression_SR\Sourcecode\HM-15.0-SIC\build\\vc10\x64\Release\TLibEncoder\TEncBinCoderCABACCounter.obj"
         "E:\write_papers\ImageSetCompression_SR\Sourcecode\HM-15.0-SIC\build\\vc10\x64\Release\TLibEncoder\TEncCavlc.obj"
         "E:\write_papers\ImageSetCompression_SR\Sourcecode\HM-15.0-SIC\build\\vc10\x64\Release\TLibEncoder\TEncCu.obj"
         "E:\write_papers\ImageSetCompression_SR\Sourcecode\HM-15.0-SIC\build\\vc10\x64\Release\TLibEncoder\TEncEntropy.obj"
         "E:\write_papers\ImageSetCompression_SR\Sourcecode\HM-15.0-SIC\build\\vc10\x64\Release\TLibEncoder\TEncGOP.obj"
         "E:\write_papers\ImageSetCompression_SR\Sourcecode\HM-15.0-SIC\build\\vc10\x64\Release\TLibEncoder\TEncPic.obj"
         "E:\write_papers\ImageSetCompression_SR\Sourcecode\HM-15.0-SIC\build\\vc10\x64\Release\TLibEncoder\TEncPreanalyzer.obj"
         "E:\write_papers\ImageSetCompression_SR\Sourcecode\HM-15.0-SIC\build\\vc10\x64\Release\TLibEncoder\TEncRateCtrl.obj"
         "E:\write_papers\ImageSetCompression_SR\Sourcecode\HM-15.0-SIC\build\\vc10\x64\Release\TLibEncoder\TEncSampleAdaptiveOffset.obj"
         "E:\write_papers\ImageSetCompression_SR\Sourcecode\HM-15.0-SIC\build\\vc10\x64\Release\TLibEncoder\TEncSbac.obj"
         "E:\write_papers\ImageSetCompression_SR\Sourcecode\HM-15.0-SIC\build\\vc10\x64\Release\TLibEncoder\TEncSearch.obj"
         "E:\write_papers\ImageSetCompression_SR\Sourcecode\HM-15.0-SIC\build\\vc10\x64\Release\TLibEncoder\TEncSlice.obj"
         "E:\write_papers\ImageSetCompression_SR\Sourcecode\HM-15.0-SIC\build\\vc10\x64\Release\TLibEncoder\TEncTop.obj"
         "E:\write_papers\ImageSetCompression_SR\Sourcecode\HM-15.0-SIC\build\\vc10\x64\Release\TLibEncoder\WeightPredAnalysis.obj"
         TLibEncoder_vc10.vcxproj -> E:\write_papers\ImageSetCompression_SR\Sourcecode\HM-15.0-SIC\build\\vc10\x64\Release\TLibEncoder\TLibEncoder.lib
       FinalizeBuildStatus:
         Deleting file "E:\write_papers\ImageSetCompression_SR\Sourcecode\HM-15.0-SIC\build\\vc10\x64\Release\TLibEncoder\TLibEncoder.unsuccessfulbuild".
         Touching "E:\write_papers\ImageSetCompression_SR\Sourcecode\HM-15.0-SIC\build\\vc10\x64\Release\TLibEncoder\TLibEncoder.lastbuildstate".
     1>Done Building Project "E:\write_papers\ImageSetCompression_SR\Sourcecode\HM-15.0-SIC\build\vc10\TLibEncoder_vc10.vcxproj" (rebuild target(s)).

Build succeeded.

Time Elapsed 00:00:12.35
