Build started 15/8/2014 03:38:26 PM.
     1>Project "D:\Gitrepositories\HM15-SIC\build\vc10\TAppDecoder_vc10.vcxproj" on node 5 (rebuild target(s)).
     1>_PrepareForClean:
         Deleting file "D:\Gitrepositories\HM15-SIC\build\\vc10\x64\Debug\TAppDecoder\TAppDecoder.lastbuildstate".
       InitializeBuildStatus:
         Touching "D:\Gitrepositories\HM15-SIC\build\\vc10\x64\Debug\TAppDecoder\TAppDecoder.unsuccessfulbuild".
       ClCompile:
         C:\Program Files (x86)\Microsoft Visual Studio 10.0\VC\bin\x86_amd64\CL.exe /c /I"D:\Gitrepositories\HM15-SIC\build\\..\source\Lib\\" /I"D:\Gitrepositories\HM15-SIC\build\\..\compat\msvc" /Zi /nologo /W3 /WX- /Od /D WIN32 /D _DEBUG /D _CONSOLE /D _CRT_SECURE_NO_WARNINGS /D _MBCS /Gm /EHsc /RTC1 /MTd /GS /fp:precise /Zc:wchar_t /Zc:forScope /Fo"D:\Gitrepositories\HM15-SIC\build\\vc10\x64\Debug\TAppDecoder\\" /Fd"D:\Gitrepositories\HM15-SIC\build\\vc10\x64\Debug\TAppDecoder\vc100.pdb" /Gd /TP /errorReport:prompt ..\..\source\App\TAppDecoder\decmain.cpp ..\..\source\App\TAppDecoder\TAppDecCfg.cpp ..\..\source\App\TAppDecoder\TAppDecTop.cpp
         TAppDecTop.cpp
         TAppDecCfg.cpp
         decmain.cpp
         Generating Code...
       Link:
         C:\Program Files (x86)\Microsoft Visual Studio 10.0\VC\bin\x86_amd64\link.exe /ERRORREPORT:PROMPT /OUT:"D:\Gitrepositories\HM15-SIC\build\\..\bin\vc10\x64\Debug\TAppDecoder.exe" /INCREMENTAL:NO /NOLOGO opencv_calib3d249.lib opencv_calib3d249d.lib opencv_contrib249.lib opencv_contrib249d.lib opencv_core249.lib opencv_core249d.lib opencv_features2d249.lib opencv_features2d249d.lib opencv_flann249.lib opencv_flann249d.lib opencv_gpu249.lib opencv_gpu249d.lib opencv_highgui249.lib opencv_highgui249d.lib opencv_imgproc249.lib opencv_imgproc249d.lib opencv_legacy249.lib opencv_legacy249d.lib opencv_ml249.lib opencv_ml249d.lib opencv_nonfree249.lib opencv_nonfree249d.lib opencv_objdetect249.lib opencv_objdetect249d.lib opencv_ocl249.lib opencv_ocl249d.lib opencv_photo249.lib opencv_photo249d.lib opencv_stitching249.lib opencv_stitching249d.lib opencv_superres249.lib opencv_superres249d.lib opencv_ts249.lib opencv_ts249d.lib opencv_video249.lib opencv_video249d.lib opencv_videostab249.lib opencv_videostab249d.lib kernel32.lib user32.lib gdi32.lib winspool.lib comdlg32.lib advapi32.lib shell32.lib ole32.lib oleaut32.lib uuid.lib odbc32.lib odbccp32.lib /MANIFEST /ManifestFile:"D:\Gitrepositories\HM15-SIC\build\\vc10\x64\Debug\TAppDecoder\TAppDecoder.exe.intermediate.manifest" /MANIFESTUAC:"level='asInvoker' uiAccess='false'" /DEBUG /PDB:"D:\Gitrepositories\HM15-SIC\bin\vc10\x64\Debug\TAppDecoder.pdb" /SUBSYSTEM:CONSOLE /TLBID:1 /DYNAMICBASE /NXCOMPAT /IMPLIB:"D:\Gitrepositories\HM15-SIC\build\\..\bin\vc10\x64\Debug\TAppDecoder.lib" /MACHINE:X64 "D:\Gitrepositories\HM15-SIC\build\\vc10\x64\Debug\TAppDecoder\decmain.obj"
         "D:\Gitrepositories\HM15-SIC\build\\vc10\x64\Debug\TAppDecoder\TAppDecCfg.obj"
         "D:\Gitrepositories\HM15-SIC\build\\vc10\x64\Debug\TAppDecoder\TAppDecTop.obj"
         "D:\Gitrepositories\HM15-SIC\build\vc10\x64\Debug\TAppCommon\TAppCommon.lib"
         "D:\Gitrepositories\HM15-SIC\build\vc10\x64\Debug\TLibCommon\TLibCommon.lib"
         "D:\Gitrepositories\HM15-SIC\build\vc10\x64\Debug\TLibDecoder\TLibDecoder.lib"
         "D:\Gitrepositories\HM15-SIC\build\vc10\x64\Debug\TLibVideoIo\TLibVideoIO.lib"
         TAppDecoder_vc10.vcxproj -> D:\Gitrepositories\HM15-SIC\build\\..\bin\vc10\x64\Debug\TAppDecoder.exe
       Manifest:
         C:\Program Files (x86)\Microsoft SDKs\Windows\v7.0A\bin\mt.exe /nologo /verbose /outputresource:"D:\Gitrepositories\HM15-SIC\build\\..\bin\vc10\x64\Debug\TAppDecoder.exe;#1" /manifest "D:\Gitrepositories\HM15-SIC\build\\vc10\x64\Debug\TAppDecoder\TAppDecoder.exe.intermediate.manifest"
       FinalizeBuildStatus:
         Deleting file "D:\Gitrepositories\HM15-SIC\build\\vc10\x64\Debug\TAppDecoder\TAppDecoder.unsuccessfulbuild".
         Touching "D:\Gitrepositories\HM15-SIC\build\\vc10\x64\Debug\TAppDecoder\TAppDecoder.lastbuildstate".
     1>Done Building Project "D:\Gitrepositories\HM15-SIC\build\vc10\TAppDecoder_vc10.vcxproj" (rebuild target(s)).

Build succeeded.

Time Elapsed 00:00:02.52
