Build started 15/8/2014 07:44:01 PM.
     1>Project "D:\Gitrepositories\HM15-SIC\build\vc10\TAppEncoder_vc10.vcxproj" on node 2 (build target(s)).
     1>InitializeBuildStatus:
         Creating "D:\Gitrepositories\HM15-SIC\build\\vc10\x64\Debug\TAppEncoder\TAppEncoder.unsuccessfulbuild" because "AlwaysCreate" was specified.
       ClCompile:
         All outputs are up-to-date.
       Link:
         C:\Program Files (x86)\Microsoft Visual Studio 10.0\VC\bin\x86_amd64\link.exe /ERRORREPORT:PROMPT /OUT:"D:\Gitrepositories\HM15-SIC\build\\..\bin\vc10\x64\Debug\TAppEncoder.exe" /INCREMENTAL:NO /NOLOGO opencv_calib3d249.lib opencv_calib3d249d.lib opencv_contrib249.lib opencv_contrib249d.lib opencv_core249.lib opencv_core249d.lib opencv_features2d249.lib opencv_features2d249d.lib opencv_flann249.lib opencv_flann249d.lib opencv_gpu249.lib opencv_gpu249d.lib opencv_highgui249.lib opencv_highgui249d.lib opencv_imgproc249.lib opencv_imgproc249d.lib opencv_legacy249.lib opencv_legacy249d.lib opencv_ml249.lib opencv_ml249d.lib opencv_nonfree249.lib opencv_nonfree249d.lib opencv_objdetect249.lib opencv_objdetect249d.lib opencv_ocl249.lib opencv_ocl249d.lib opencv_photo249.lib opencv_photo249d.lib opencv_stitching249.lib opencv_stitching249d.lib opencv_superres249.lib opencv_superres249d.lib opencv_ts249.lib opencv_ts249d.lib opencv_video249.lib opencv_video249d.lib opencv_videostab249.lib opencv_videostab249d.lib kernel32.lib user32.lib gdi32.lib winspool.lib comdlg32.lib advapi32.lib shell32.lib ole32.lib oleaut32.lib uuid.lib odbc32.lib odbccp32.lib /MANIFEST /ManifestFile:"D:\Gitrepositories\HM15-SIC\build\\vc10\x64\Debug\TAppEncoder\TAppEncoder.exe.intermediate.manifest" /MANIFESTUAC:"level='asInvoker' uiAccess='false'" /DEBUG /PDB:"D:\Gitrepositories\HM15-SIC\bin\vc10\x64\Debug\TAppEncoder.pdb" /SUBSYSTEM:CONSOLE /TLBID:1 /DYNAMICBASE /NXCOMPAT /IMPLIB:"D:\Gitrepositories\HM15-SIC\build\\..\bin\vc10\x64\Debug\TAppEncoder.lib" /MACHINE:X64 "D:\Gitrepositories\HM15-SIC\build\\vc10\x64\Debug\TAppEncoder\encmain.obj"
         "D:\Gitrepositories\HM15-SIC\build\\vc10\x64\Debug\TAppEncoder\TAppEncCfg.obj"
         "D:\Gitrepositories\HM15-SIC\build\\vc10\x64\Debug\TAppEncoder\TAppEncTop.obj"
         "D:\Gitrepositories\HM15-SIC\build\vc10\x64\Debug\TAppCommon\TAppCommon.lib"
         "D:\Gitrepositories\HM15-SIC\build\vc10\x64\Debug\TLibCommon\TLibCommon.lib"
         "D:\Gitrepositories\HM15-SIC\build\vc10\x64\Debug\TLibEncoder\TLibEncoder.lib"
         "D:\Gitrepositories\HM15-SIC\build\vc10\x64\Debug\TLibVideoIo\TLibVideoIO.lib"
         TAppEncoder_vc10.vcxproj -> D:\Gitrepositories\HM15-SIC\build\\..\bin\vc10\x64\Debug\TAppEncoder.exe
       Manifest:
         C:\Program Files (x86)\Microsoft SDKs\Windows\v7.0A\bin\mt.exe /nologo /verbose /outputresource:"D:\Gitrepositories\HM15-SIC\build\\..\bin\vc10\x64\Debug\TAppEncoder.exe;#1" /manifest "D:\Gitrepositories\HM15-SIC\build\\vc10\x64\Debug\TAppEncoder\TAppEncoder.exe.intermediate.manifest"
       FinalizeBuildStatus:
         Deleting file "D:\Gitrepositories\HM15-SIC\build\\vc10\x64\Debug\TAppEncoder\TAppEncoder.unsuccessfulbuild".
         Touching "D:\Gitrepositories\HM15-SIC\build\\vc10\x64\Debug\TAppEncoder\TAppEncoder.lastbuildstate".
     1>Done Building Project "D:\Gitrepositories\HM15-SIC\build\vc10\TAppEncoder_vc10.vcxproj" (build target(s)).

Build succeeded.

Time Elapsed 00:00:03.91
