Build started 13/8/2014 01:05:59 PM.
     1>Project "E:\write_papers\ImageSetCompression_SR\Sourcecode\HM-15.0-SIC\build\vc10\TLibDecoder_vc10.vcxproj" on node 3 (rebuild target(s)).
     1>InitializeBuildStatus:
         Creating "E:\write_papers\ImageSetCompression_SR\Sourcecode\HM-15.0-SIC\build\\vc10\x64\Release\TLibDecoder\TLibDecoder.unsuccessfulbuild" because "AlwaysCreate" was specified.
       ClCompile:
         C:\Program Files (x86)\Microsoft Visual Studio 10.0\VC\bin\x86_amd64\CL.exe /c /I"E:\write_papers\ImageSetCompression_SR\Sourcecode\HM-15.0-SIC\build\\..\source\Lib\\" /I"E:\write_papers\ImageSetCompression_SR\Sourcecode\HM-15.0-SIC\build\\..\compat\msvc" /Zi /nologo /W3 /WX- /O2 /Ob2 /Ot /GL /D WIN32 /D _LIB /D _CRT_SECURE_NO_WARNINGS /D _MBCS /GF /Gm- /EHsc /MT /GS /Gy /fp:precise /Zc:wchar_t /Zc:forScope /Fo"E:\write_papers\ImageSetCompression_SR\Sourcecode\HM-15.0-SIC\build\\vc10\x64\Release\TLibDecoder\\" /Fd"E:\write_papers\ImageSetCompression_SR\Sourcecode\HM-15.0-SIC\build\\vc10\x64\Release\TLibDecoder\vc100.pdb" /Gd /TP /errorReport:prompt ..\..\source\Lib\TLibDecoder\AnnexBread.cpp ..\..\source\Lib\TLibDecoder\NALread.cpp ..\..\source\Lib\TLibDecoder\SEIread.cpp ..\..\source\Lib\TLibDecoder\SyntaxElementParser.cpp ..\..\source\Lib\TLibDecoder\TDecBinCoderCABAC.cpp ..\..\source\Lib\TLibDecoder\TDecCAVLC.cpp ..\..\source\Lib\TLibDecoder\TDecCu.cpp ..\..\source\Lib\TLibDecoder\TDecEntropy.cpp ..\..\source\Lib\TLibDecoder\TDecGop.cpp ..\..\source\Lib\TLibDecoder\TDecSbac.cpp ..\..\source\Lib\TLibDecoder\TDecSlice.cpp ..\..\source\Lib\TLibDecoder\TDecTop.cpp
         AnnexBread.cpp
         NALread.cpp
         SEIread.cpp
         SyntaxElementParser.cpp
         TDecBinCoderCABAC.cpp
         TDecCAVLC.cpp
         TDecCu.cpp
         TDecEntropy.cpp
         TDecGop.cpp
         TDecSbac.cpp
         TDecSlice.cpp
         TDecTop.cpp
       Lib:
         C:\Program Files (x86)\Microsoft Visual Studio 10.0\VC\bin\x86_amd64\Lib.exe /OUT:"E:\write_papers\ImageSetCompression_SR\Sourcecode\HM-15.0-SIC\build\\vc10\x64\Release\TLibDecoder\TLibDecoder.lib" /NOLOGO /LTCG "E:\write_papers\ImageSetCompression_SR\Sourcecode\HM-15.0-SIC\build\\vc10\x64\Release\TLibDecoder\AnnexBread.obj"
         "E:\write_papers\ImageSetCompression_SR\Sourcecode\HM-15.0-SIC\build\\vc10\x64\Release\TLibDecoder\NALread.obj"
         "E:\write_papers\ImageSetCompression_SR\Sourcecode\HM-15.0-SIC\build\\vc10\x64\Release\TLibDecoder\SEIread.obj"
         "E:\write_papers\ImageSetCompression_SR\Sourcecode\HM-15.0-SIC\build\\vc10\x64\Release\TLibDecoder\SyntaxElementParser.obj"
         "E:\write_papers\ImageSetCompression_SR\Sourcecode\HM-15.0-SIC\build\\vc10\x64\Release\TLibDecoder\TDecBinCoderCABAC.obj"
         "E:\write_papers\ImageSetCompression_SR\Sourcecode\HM-15.0-SIC\build\\vc10\x64\Release\TLibDecoder\TDecCAVLC.obj"
         "E:\write_papers\ImageSetCompression_SR\Sourcecode\HM-15.0-SIC\build\\vc10\x64\Release\TLibDecoder\TDecCu.obj"
         "E:\write_papers\ImageSetCompression_SR\Sourcecode\HM-15.0-SIC\build\\vc10\x64\Release\TLibDecoder\TDecEntropy.obj"
         "E:\write_papers\ImageSetCompression_SR\Sourcecode\HM-15.0-SIC\build\\vc10\x64\Release\TLibDecoder\TDecGop.obj"
         "E:\write_papers\ImageSetCompression_SR\Sourcecode\HM-15.0-SIC\build\\vc10\x64\Release\TLibDecoder\TDecSbac.obj"
         "E:\write_papers\ImageSetCompression_SR\Sourcecode\HM-15.0-SIC\build\\vc10\x64\Release\TLibDecoder\TDecSlice.obj"
         "E:\write_papers\ImageSetCompression_SR\Sourcecode\HM-15.0-SIC\build\\vc10\x64\Release\TLibDecoder\TDecTop.obj"
         TLibDecoder_vc10.vcxproj -> E:\write_papers\ImageSetCompression_SR\Sourcecode\HM-15.0-SIC\build\\vc10\x64\Release\TLibDecoder\TLibDecoder.lib
       FinalizeBuildStatus:
         Deleting file "E:\write_papers\ImageSetCompression_SR\Sourcecode\HM-15.0-SIC\build\\vc10\x64\Release\TLibDecoder\TLibDecoder.unsuccessfulbuild".
         Touching "E:\write_papers\ImageSetCompression_SR\Sourcecode\HM-15.0-SIC\build\\vc10\x64\Release\TLibDecoder\TLibDecoder.lastbuildstate".
     1>Done Building Project "E:\write_papers\ImageSetCompression_SR\Sourcecode\HM-15.0-SIC\build\vc10\TLibDecoder_vc10.vcxproj" (rebuild target(s)).

Build succeeded.

Time Elapsed 00:00:07.11
