D:\Gitrepositories\HM15-SIC\build\\vc10\x64\Debug\TLibCommon\TLibCommon.lib
D:\Gitrepositories\HM15-SIC\build\vc10\x64\Debug\TLibCommon\cl.command.1.tlog
D:\Gitrepositories\HM15-SIC\build\vc10\x64\Debug\TLibCommon\CL.read.1.tlog
D:\Gitrepositories\HM15-SIC\build\vc10\x64\Debug\TLibCommon\CL.write.1.tlog
D:\GITREPOSITORIES\HM15-SIC\BUILD\VC10\X64\DEBUG\TLIBCOMMON\CONTEXTMODEL.OBJ
D:\GITREPOSITORIES\HM15-SIC\BUILD\VC10\X64\DEBUG\TLIBCOMMON\CONTEXTMODEL3DBUFFER.OBJ
D:\Gitrepositories\HM15-SIC\build\vc10\x64\Debug\TLibCommon\lib.command.1.tlog
D:\Gitrepositories\HM15-SIC\build\vc10\x64\Debug\TLibCommon\Lib-link.read.1.tlog
D:\Gitrepositories\HM15-SIC\build\vc10\x64\Debug\TLibCommon\Lib-link.write.1.tlog
D:\GITREPOSITORIES\HM15-SIC\BUILD\VC10\X64\DEBUG\TLIBCOMMON\LIBMD5.OBJ
D:\GITREPOSITORIES\HM15-SIC\BUILD\VC10\X64\DEBUG\TLIBCOMMON\SEI.OBJ
D:\GITREPOSITORIES\HM15-SIC\BUILD\VC10\X64\DEBUG\TLIBCOMMON\TCOMBITSTREAM.OBJ
D:\GITREPOSITORIES\HM15-SIC\BUILD\VC10\X64\DEBUG\TLIBCOMMON\TCOMCABACTABLES.OBJ
D:\GITREPOSITORIES\HM15-SIC\BUILD\VC10\X64\DEBUG\TLIBCOMMON\TCOMDATACU.OBJ
D:\GITREPOSITORIES\HM15-SIC\BUILD\VC10\X64\DEBUG\TLIBCOMMON\TCOMINTERPOLATIONFILTER.OBJ
D:\GITREPOSITORIES\HM15-SIC\BUILD\VC10\X64\DEBUG\TLIBCOMMON\TCOMLOOPFILTER.OBJ
D:\GITREPOSITORIES\HM15-SIC\BUILD\VC10\X64\DEBUG\TLIBCOMMON\TCOMMOTIONINFO.OBJ
D:\GITREPOSITORIES\HM15-SIC\BUILD\VC10\X64\DEBUG\TLIBCOMMON\TCOMPATTERN.OBJ
D:\GITREPOSITORIES\HM15-SIC\BUILD\VC10\X64\DEBUG\TLIBCOMMON\TCOMPIC.OBJ
D:\GITREPOSITORIES\HM15-SIC\BUILD\VC10\X64\DEBUG\TLIBCOMMON\TCOMPICSYM.OBJ
D:\GITREPOSITORIES\HM15-SIC\BUILD\VC10\X64\DEBUG\TLIBCOMMON\TCOMPICYUV.OBJ
D:\GITREPOSITORIES\HM15-SIC\BUILD\VC10\X64\DEBUG\TLIBCOMMON\TCOMPICYUVMD5.OBJ
D:\GITREPOSITORIES\HM15-SIC\BUILD\VC10\X64\DEBUG\TLIBCOMMON\TCOMPREDICTION.OBJ
D:\GITREPOSITORIES\HM15-SIC\BUILD\VC10\X64\DEBUG\TLIBCOMMON\TCOMRDCOST.OBJ
D:\GITREPOSITORIES\HM15-SIC\BUILD\VC10\X64\DEBUG\TLIBCOMMON\TCOMRDCOSTWEIGHTPREDICTION.OBJ
D:\GITREPOSITORIES\HM15-SIC\BUILD\VC10\X64\DEBUG\TLIBCOMMON\TCOMROM.OBJ
D:\GITREPOSITORIES\HM15-SIC\BUILD\VC10\X64\DEBUG\TLIBCOMMON\TCOMSAMPLEADAPTIVEOFFSET.OBJ
D:\GITREPOSITORIES\HM15-SIC\BUILD\VC10\X64\DEBUG\TLIBCOMMON\TCOMSLICE.OBJ
D:\GITREPOSITORIES\HM15-SIC\BUILD\VC10\X64\DEBUG\TLIBCOMMON\TCOMTRQUANT.OBJ
D:\GITREPOSITORIES\HM15-SIC\BUILD\VC10\X64\DEBUG\TLIBCOMMON\TCOMWEIGHTPREDICTION.OBJ
D:\GITREPOSITORIES\HM15-SIC\BUILD\VC10\X64\DEBUG\TLIBCOMMON\TCOMYUV.OBJ
D:\GITREPOSITORIES\HM15-SIC\BUILD\VC10\X64\DEBUG\TLIBCOMMON\TLIBCOMMON.LIB
D:\Gitrepositories\HM15-SIC\build\vc10\x64\Debug\TLibCommon\TLibCommon.write.1.tlog
D:\Gitrepositories\HM15-SIC\build\vc10\x64\Debug\TLibCommon\TLibCommon_vc10.vcxprojResolveAssemblyReference.cache
D:\Gitrepositories\HM15-SIC\build\vc10\x64\Debug\TLibCommon\vc100.idb
D:\GITREPOSITORIES\HM15-SIC\BUILD\VC10\X64\DEBUG\TLIBCOMMON\VC100.PDB
