D:\Gitrepositories\HM15-SIC\build\\vc10\x64\Debug\TLibEncoder\TLibEncoder.lib
D:\Gitrepositories\HM15-SIC\build\vc10\x64\Debug\TLibEncoder\cl.command.1.tlog
D:\Gitrepositories\HM15-SIC\build\vc10\x64\Debug\TLibEncoder\CL.read.1.tlog
D:\Gitrepositories\HM15-SIC\build\vc10\x64\Debug\TLibEncoder\CL.write.1.tlog
D:\Gitrepositories\HM15-SIC\build\vc10\x64\Debug\TLibEncoder\lib.command.1.tlog
D:\Gitrepositories\HM15-SIC\build\vc10\x64\Debug\TLibEncoder\Lib-link.read.1.tlog
D:\Gitrepositories\HM15-SIC\build\vc10\x64\Debug\TLibEncoder\Lib-link.write.1.tlog
D:\GITREPOSITORIES\HM15-SIC\BUILD\VC10\X64\DEBUG\TLIBENCODER\NALWRITE.OBJ
D:\GITREPOSITORIES\HM15-SIC\BUILD\VC10\X64\DEBUG\TLIBENCODER\SEIWRITE.OBJ
D:\GITREPOSITORIES\HM15-SIC\BUILD\VC10\X64\DEBUG\TLIBENCODER\SYNTAXELEMENTWRITER.OBJ
D:\GITREPOSITORIES\HM15-SIC\BUILD\VC10\X64\DEBUG\TLIBENCODER\TENCANALYZE.OBJ
D:\GITREPOSITORIES\HM15-SIC\BUILD\VC10\X64\DEBUG\TLIBENCODER\TENCBINCODERCABAC.OBJ
D:\GITREPOSITORIES\HM15-SIC\BUILD\VC10\X64\DEBUG\TLIBENCODER\TENCBINCODERCABACCOUNTER.OBJ
D:\GITREPOSITORIES\HM15-SIC\BUILD\VC10\X64\DEBUG\TLIBENCODER\TENCCAVLC.OBJ
D:\GITREPOSITORIES\HM15-SIC\BUILD\VC10\X64\DEBUG\TLIBENCODER\TENCCU.OBJ
D:\GITREPOSITORIES\HM15-SIC\BUILD\VC10\X64\DEBUG\TLIBENCODER\TENCENTROPY.OBJ
D:\GITREPOSITORIES\HM15-SIC\BUILD\VC10\X64\DEBUG\TLIBENCODER\TENCGOP.OBJ
D:\GITREPOSITORIES\HM15-SIC\BUILD\VC10\X64\DEBUG\TLIBENCODER\TENCPIC.OBJ
D:\GITREPOSITORIES\HM15-SIC\BUILD\VC10\X64\DEBUG\TLIBENCODER\TENCPREANALYZER.OBJ
D:\GITREPOSITORIES\HM15-SIC\BUILD\VC10\X64\DEBUG\TLIBENCODER\TENCRATECTRL.OBJ
D:\GITREPOSITORIES\HM15-SIC\BUILD\VC10\X64\DEBUG\TLIBENCODER\TENCSAMPLEADAPTIVEOFFSET.OBJ
D:\GITREPOSITORIES\HM15-SIC\BUILD\VC10\X64\DEBUG\TLIBENCODER\TENCSBAC.OBJ
D:\GITREPOSITORIES\HM15-SIC\BUILD\VC10\X64\DEBUG\TLIBENCODER\TENCSEARCH.OBJ
D:\GITREPOSITORIES\HM15-SIC\BUILD\VC10\X64\DEBUG\TLIBENCODER\TENCSLICE.OBJ
D:\GITREPOSITORIES\HM15-SIC\BUILD\VC10\X64\DEBUG\TLIBENCODER\TENCTOP.OBJ
D:\GITREPOSITORIES\HM15-SIC\BUILD\VC10\X64\DEBUG\TLIBENCODER\TLIBENCODER.LIB
D:\Gitrepositories\HM15-SIC\build\vc10\x64\Debug\TLibEncoder\TLibEncoder.write.1.tlog
D:\Gitrepositories\HM15-SIC\build\vc10\x64\Debug\TLibEncoder\vc100.idb
D:\GITREPOSITORIES\HM15-SIC\BUILD\VC10\X64\DEBUG\TLIBENCODER\VC100.PDB
D:\GITREPOSITORIES\HM15-SIC\BUILD\VC10\X64\DEBUG\TLIBENCODER\WEIGHTPREDANALYSIS.OBJ
